Build started 6/27/2013 10:31:02 AM.
     1>Project "C:\Users\Student\Desktop\Krause\C++\Note Projects (NOT A VCPROJ)\Memory\Memory\Memory.vcxproj" on node 2 (build target(s)).
     1>InitializeBuildStatus:
         Creating "Debug\Memory.unsuccessfulbuild" because "AlwaysCreate" was specified.
       ClCompile:
         c:\Program Files (x86)\Microsoft Visual Studio 10.0\VC\bin\CL.exe /c /ZI /nologo /W3 /WX- /Od /Oy- /D WIN32 /D _DEBUG /D _CONSOLE /D _UNICODE /D UNICODE /Gm /EHsc /RTC1 /MDd /GS /fp:precise /Zc:wchar_t /Zc:forScope /Fo"Debug\\" /Fd"Debug\vc100.pdb" /Gd /TP /analyze- /errorReport:prompt main.cpp
         main.cpp
     1>c:\users\student\desktop\krause\c++\note projects (not a vcproj)\memory\memory\main.cpp(7): warning C4101: 'w' : unreferenced local variable
     1>c:\users\student\desktop\krause\c++\note projects (not a vcproj)\memory\memory\main.cpp(7): warning C4101: 'p' : unreferenced local variable
     1>c:\users\student\desktop\krause\c++\note projects (not a vcproj)\memory\memory\main.cpp(7): warning C4101: 'v' : unreferenced local variable
     1>c:\users\student\desktop\krause\c++\note projects (not a vcproj)\memory\memory\main.cpp(7): warning C4101: 'h' : unreferenced local variable
     1>c:\users\student\desktop\krause\c++\note projects (not a vcproj)\memory\memory\main.cpp(7): warning C4101: 'y' : unreferenced local variable
     1>c:\users\student\desktop\krause\c++\note projects (not a vcproj)\memory\memory\main.cpp(7): warning C4101: 'x' : unreferenced local variable
     1>c:\users\student\desktop\krause\c++\note projects (not a vcproj)\memory\memory\main.cpp(7): warning C4101: 'n' : unreferenced local variable
     1>c:\users\student\desktop\krause\c++\note projects (not a vcproj)\memory\memory\main.cpp(7): warning C4101: 'i' : unreferenced local variable
     1>c:\users\student\desktop\krause\c++\note projects (not a vcproj)\memory\memory\main.cpp(7): warning C4101: 'u' : unreferenced local variable
     1>c:\users\student\desktop\krause\c++\note projects (not a vcproj)\memory\memory\main.cpp(7): warning C4101: 's' : unreferenced local variable
     1>c:\users\student\desktop\krause\c++\note projects (not a vcproj)\memory\memory\main.cpp(7): warning C4101: 'f' : unreferenced local variable
     1>c:\users\student\desktop\krause\c++\note projects (not a vcproj)\memory\memory\main.cpp(7): warning C4101: 'q' : unreferenced local variable
     1>c:\users\student\desktop\krause\c++\note projects (not a vcproj)\memory\memory\main.cpp(7): warning C4101: 'g' : unreferenced local variable
     1>c:\users\student\desktop\krause\c++\note projects (not a vcproj)\memory\memory\main.cpp(7): warning C4101: 'b' : unreferenced local variable
     1>c:\users\student\desktop\krause\c++\note projects (not a vcproj)\memory\memory\main.cpp(7): warning C4101: 'z' : unreferenced local variable
     1>c:\users\student\desktop\krause\c++\note projects (not a vcproj)\memory\memory\main.cpp(7): warning C4101: 'k' : unreferenced local variable
     1>c:\users\student\desktop\krause\c++\note projects (not a vcproj)\memory\memory\main.cpp(7): warning C4101: 'l' : unreferenced local variable
     1>c:\users\student\desktop\krause\c++\note projects (not a vcproj)\memory\memory\main.cpp(7): warning C4101: 'r' : unreferenced local variable
     1>c:\users\student\desktop\krause\c++\note projects (not a vcproj)\memory\memory\main.cpp(7): warning C4101: 'd' : unreferenced local variable
     1>c:\users\student\desktop\krause\c++\note projects (not a vcproj)\memory\memory\main.cpp(7): warning C4101: 'c' : unreferenced local variable
     1>c:\users\student\desktop\krause\c++\note projects (not a vcproj)\memory\memory\main.cpp(7): warning C4101: 't' : unreferenced local variable
     1>c:\users\student\desktop\krause\c++\note projects (not a vcproj)\memory\memory\main.cpp(7): warning C4101: 'e' : unreferenced local variable
     1>c:\users\student\desktop\krause\c++\note projects (not a vcproj)\memory\memory\main.cpp(7): warning C4101: 'o' : unreferenced local variable
     1>c:\users\student\desktop\krause\c++\note projects (not a vcproj)\memory\memory\main.cpp(7): warning C4101: 'm' : unreferenced local variable
     1>c:\users\student\desktop\krause\c++\note projects (not a vcproj)\memory\memory\main.cpp(7): warning C4101: 'j' : unreferenced local variable
       ManifestResourceCompile:
         All outputs are up-to-date.
       Link:
         c:\Program Files (x86)\Microsoft Visual Studio 10.0\VC\bin\link.exe /ERRORREPORT:PROMPT /OUT:"C:\Users\Student\Desktop\Krause\C++\Note Projects (NOT A VCPROJ)\Memory\Debug\Memory.exe" /INCREMENTAL /NOLOGO kernel32.lib user32.lib gdi32.lib winspool.lib comdlg32.lib advapi32.lib shell32.lib ole32.lib oleaut32.lib uuid.lib odbc32.lib odbccp32.lib /MANIFEST /ManifestFile:"Debug\Memory.exe.intermediate.manifest" /MANIFESTUAC:"level='asInvoker' uiAccess='false'" /DEBUG /PDB:"C:\Users\Student\Desktop\Krause\C++\Note Projects (NOT A VCPROJ)\Memory\Debug\Memory.pdb" /SUBSYSTEM:CONSOLE /TLBID:1 /DYNAMICBASE /NXCOMPAT /IMPLIB:"C:\Users\Student\Desktop\Krause\C++\Note Projects (NOT A VCPROJ)\Memory\Debug\Memory.lib" /MACHINE:X86 Debug\Memory.exe.embed.manifest.res
         Debug\main.obj
       Manifest:
         C:\Program Files (x86)\Microsoft SDKs\Windows\v7.0A\bin\mt.exe /nologo /verbose /out:"Debug\Memory.exe.embed.manifest" /manifest Debug\Memory.exe.intermediate.manifest
         All outputs are up-to-date.
       LinkEmbedManifest:
         All outputs are up-to-date.
         Memory.vcxproj -> C:\Users\Student\Desktop\Krause\C++\Note Projects (NOT A VCPROJ)\Memory\Debug\Memory.exe
       FinalizeBuildStatus:
         Deleting file "Debug\Memory.unsuccessfulbuild".
         Touching "Debug\Memory.lastbuildstate".
     1>Done Building Project "C:\Users\Student\Desktop\Krause\C++\Note Projects (NOT A VCPROJ)\Memory\Memory\Memory.vcxproj" (build target(s)).

Build succeeded.

Time Elapsed 00:00:00.55
