Build started 6/24/2013 3:37:58 PM.
     1>Project "C:\Users\Student\Desktop\Krause\C++\Challenge6242\Challenge6242\Challenge6242.vcxproj" on node 2 (build target(s)).
     1>InitializeBuildStatus:
         Creating "Debug\Challenge6242.unsuccessfulbuild" because "AlwaysCreate" was specified.
       ClCompile:
         c:\Program Files (x86)\Microsoft Visual Studio 10.0\VC\bin\CL.exe /c /ZI /nologo /W3 /WX- /Od /Oy- /D WIN32 /D _DEBUG /D _CONSOLE /D _UNICODE /D UNICODE /Gm /EHsc /RTC1 /MDd /GS /fp:precise /Zc:wchar_t /Zc:forScope /Fo"Debug\\" /Fd"Debug\vc100.pdb" /Gd /TP /analyze- /errorReport:prompt main.cpp
         main.cpp
     1>c:\users\student\desktop\krause\c++\challenge6242\challenge6242\main.cpp(26): warning C4244: 'argument' : conversion from 'double' to 'int', possible loss of data
     1>c:\users\student\desktop\krause\c++\challenge6242\challenge6242\main.cpp(27): warning C4244: 'argument' : conversion from 'double' to 'int', possible loss of data
     1>c:\users\student\desktop\krause\c++\challenge6242\challenge6242\main.cpp(28): warning C4244: 'argument' : conversion from 'double' to 'int', possible loss of data
       ManifestResourceCompile:
         All outputs are up-to-date.
       Link:
         c:\Program Files (x86)\Microsoft Visual Studio 10.0\VC\bin\link.exe /ERRORREPORT:PROMPT /OUT:"C:\Users\Student\Desktop\Krause\C++\Challenge6242\Debug\Challenge6242.exe" /INCREMENTAL /NOLOGO kernel32.lib user32.lib gdi32.lib winspool.lib comdlg32.lib advapi32.lib shell32.lib ole32.lib oleaut32.lib uuid.lib odbc32.lib odbccp32.lib /MANIFEST /ManifestFile:"Debug\Challenge6242.exe.intermediate.manifest" /MANIFESTUAC:"level='asInvoker' uiAccess='false'" /DEBUG /PDB:"C:\Users\Student\Desktop\Krause\C++\Challenge6242\Debug\Challenge6242.pdb" /SUBSYSTEM:CONSOLE /TLBID:1 /DYNAMICBASE /NXCOMPAT /IMPLIB:"C:\Users\Student\Desktop\Krause\C++\Challenge6242\Debug\Challenge6242.lib" /MACHINE:X86 Debug\Challenge6242.exe.embed.manifest.res
         Debug\main.obj
       Manifest:
         C:\Program Files (x86)\Microsoft SDKs\Windows\v7.0A\bin\mt.exe /nologo /verbose /out:"Debug\Challenge6242.exe.embed.manifest" /manifest Debug\Challenge6242.exe.intermediate.manifest
         All outputs are up-to-date.
       LinkEmbedManifest:
         All outputs are up-to-date.
         Challenge6242.vcxproj -> C:\Users\Student\Desktop\Krause\C++\Challenge6242\Debug\Challenge6242.exe
       FinalizeBuildStatus:
         Deleting file "Debug\Challenge6242.unsuccessfulbuild".
         Touching "Debug\Challenge6242.lastbuildstate".
     1>Done Building Project "C:\Users\Student\Desktop\Krause\C++\Challenge6242\Challenge6242\Challenge6242.vcxproj" (build target(s)).

Build succeeded.

Time Elapsed 00:00:00.60
