Build started 6/25/2013 4:44:42 PM.
     1>Project "C:\Users\Student\Desktop\Krause\C++\Note Projects (NOT A VCPROJ)\Functions\Functions\Functions.vcxproj" on node 2 (build target(s)).
     1>InitializeBuildStatus:
         Creating "Debug\Functions.unsuccessfulbuild" because "AlwaysCreate" was specified.
       ClCompile:
         c:\Program Files (x86)\Microsoft Visual Studio 10.0\VC\bin\CL.exe /c /ZI /nologo /W3 /WX- /Od /Oy- /D WIN32 /D _DEBUG /D _CONSOLE /D _UNICODE /D UNICODE /Gm /EHsc /RTC1 /MDd /GS /fp:precise /Zc:wchar_t /Zc:forScope /Fo"Debug\\" /Fd"Debug\vc100.pdb" /Gd /TP /analyze- /errorReport:prompt main.cpp
         main.cpp
     1>c:\users\student\desktop\krause\c++\note projects (not a vcproj)\functions\functions\main.cpp(11): warning C4244: 'initializing' : conversion from 'double' to 'int', possible loss of data
       ManifestResourceCompile:
         All outputs are up-to-date.
       Link:
         c:\Program Files (x86)\Microsoft Visual Studio 10.0\VC\bin\link.exe /ERRORREPORT:PROMPT /OUT:"C:\Users\Student\Desktop\Krause\C++\Note Projects (NOT A VCPROJ)\Functions\Debug\Functions.exe" /INCREMENTAL /NOLOGO kernel32.lib user32.lib gdi32.lib winspool.lib comdlg32.lib advapi32.lib shell32.lib ole32.lib oleaut32.lib uuid.lib odbc32.lib odbccp32.lib /MANIFEST /ManifestFile:"Debug\Functions.exe.intermediate.manifest" /MANIFESTUAC:"level='asInvoker' uiAccess='false'" /DEBUG /PDB:"C:\Users\Student\Desktop\Krause\C++\Note Projects (NOT A VCPROJ)\Functions\Debug\Functions.pdb" /SUBSYSTEM:CONSOLE /TLBID:1 /DYNAMICBASE /NXCOMPAT /IMPLIB:"C:\Users\Student\Desktop\Krause\C++\Note Projects (NOT A VCPROJ)\Functions\Debug\Functions.lib" /MACHINE:X86 Debug\Functions.exe.embed.manifest.res
         Debug\main.obj
       Manifest:
         C:\Program Files (x86)\Microsoft SDKs\Windows\v7.0A\bin\mt.exe /nologo /verbose /out:"Debug\Functions.exe.embed.manifest" /manifest Debug\Functions.exe.intermediate.manifest
         All outputs are up-to-date.
       LinkEmbedManifest:
         All outputs are up-to-date.
         Functions.vcxproj -> C:\Users\Student\Desktop\Krause\C++\Note Projects (NOT A VCPROJ)\Functions\Debug\Functions.exe
       FinalizeBuildStatus:
         Deleting file "Debug\Functions.unsuccessfulbuild".
         Touching "Debug\Functions.lastbuildstate".
     1>Done Building Project "C:\Users\Student\Desktop\Krause\C++\Note Projects (NOT A VCPROJ)\Functions\Functions\Functions.vcxproj" (build target(s)).

Build succeeded.

Time Elapsed 00:00:00.54
