Build started 7/1/2013 3:36:39 PM.
     1>Project "C:\Users\Student\Desktop\Krause\C++\Note Projects (NOT A VCPROJ)\Debugging102\Debugging102\Debugging102.vcxproj" on node 2 (build target(s)).
     1>InitializeBuildStatus:
         Creating "Debug\Debugging102.unsuccessfulbuild" because "AlwaysCreate" was specified.
       ClCompile:
         c:\Program Files (x86)\Microsoft Visual Studio 10.0\VC\bin\CL.exe /c /ZI /nologo /W3 /WX- /Od /Oy- /D WIN32 /D _DEBUG /D _CONSOLE /D _UNICODE /D UNICODE /Gm /EHsc /RTC1 /MDd /GS /fp:precise /Zc:wchar_t /Zc:forScope /Fo"Debug\\" /Fd"Debug\vc100.pdb" /Gd /TP /analyze- /errorReport:prompt PartyPoopers.cpp
         PartyPoopers.cpp
       ManifestResourceCompile:
         All outputs are up-to-date.
       Link:
         c:\Program Files (x86)\Microsoft Visual Studio 10.0\VC\bin\link.exe /ERRORREPORT:PROMPT /OUT:"C:\Users\Student\Desktop\Krause\C++\Note Projects (NOT A VCPROJ)\Debugging102\Debug\Debugging102.exe" /INCREMENTAL /NOLOGO kernel32.lib user32.lib gdi32.lib winspool.lib comdlg32.lib advapi32.lib shell32.lib ole32.lib oleaut32.lib uuid.lib odbc32.lib odbccp32.lib /MANIFEST /ManifestFile:"Debug\Debugging102.exe.intermediate.manifest" /MANIFESTUAC:"level='asInvoker' uiAccess='false'" /DEBUG /PDB:"C:\Users\Student\Desktop\Krause\C++\Note Projects (NOT A VCPROJ)\Debugging102\Debug\Debugging102.pdb" /SUBSYSTEM:CONSOLE /TLBID:1 /DYNAMICBASE /NXCOMPAT /IMPLIB:"C:\Users\Student\Desktop\Krause\C++\Note Projects (NOT A VCPROJ)\Debugging102\Debug\Debugging102.lib" /MACHINE:X86 Debug\Debugging102.exe.embed.manifest.res
         Debug\PartyPoopers.obj
       Manifest:
         C:\Program Files (x86)\Microsoft SDKs\Windows\v7.0A\bin\mt.exe /nologo /verbose /out:"Debug\Debugging102.exe.embed.manifest" /manifest Debug\Debugging102.exe.intermediate.manifest
         All outputs are up-to-date.
       LinkEmbedManifest:
         All outputs are up-to-date.
         Debugging102.vcxproj -> C:\Users\Student\Desktop\Krause\C++\Note Projects (NOT A VCPROJ)\Debugging102\Debug\Debugging102.exe
       FinalizeBuildStatus:
         Deleting file "Debug\Debugging102.unsuccessfulbuild".
         Touching "Debug\Debugging102.lastbuildstate".
     1>Done Building Project "C:\Users\Student\Desktop\Krause\C++\Note Projects (NOT A VCPROJ)\Debugging102\Debugging102\Debugging102.vcxproj" (build target(s)).

Build succeeded.

Time Elapsed 00:00:00.57
