Build started 7/3/2013 5:23:39 PM.
     1>Project "C:\Users\Student\Desktop\Krause\Final Project\ASCII_Project\ASCII_Project\ASCII_Project.vcxproj" on node 2 (build target(s)).
     1>InitializeBuildStatus:
         Creating "Debug\ASCII_Project.unsuccessfulbuild" because "AlwaysCreate" was specified.
       ClCompile:
         c:\Program Files (x86)\Microsoft Visual Studio 10.0\VC\bin\CL.exe /c /ZI /nologo /W3 /WX- /Od /Oy- /D WIN32 /D _DEBUG /D _CONSOLE /D _UNICODE /D UNICODE /Gm /EHsc /RTC1 /MDd /GS /fp:precise /Zc:wchar_t /Zc:forScope /Fo"Debug\\" /Fd"Debug\vc100.pdb" /Gd /TP /analyze- /errorReport:prompt main.cpp
         main.cpp
     1>c:\users\student\desktop\krause\final project\ascii_project\ascii_project\main.cpp(33): warning C4244: 'argument' : conversion from 'time_t' to 'unsigned int', possible loss of data
       ManifestResourceCompile:
         All outputs are up-to-date.
       Link:
         c:\Program Files (x86)\Microsoft Visual Studio 10.0\VC\bin\link.exe /ERRORREPORT:PROMPT /OUT:"C:\Users\Student\Desktop\Krause\Final Project\ASCII_Project\Debug\ASCII_Project.exe" /INCREMENTAL /NOLOGO kernel32.lib user32.lib gdi32.lib winspool.lib comdlg32.lib advapi32.lib shell32.lib ole32.lib oleaut32.lib uuid.lib odbc32.lib odbccp32.lib /MANIFEST /ManifestFile:"Debug\ASCII_Project.exe.intermediate.manifest" /MANIFESTUAC:"level='asInvoker' uiAccess='false'" /DEBUG /PDB:"C:\Users\Student\Desktop\Krause\Final Project\ASCII_Project\Debug\ASCII_Project.pdb" /SUBSYSTEM:CONSOLE /TLBID:1 /DYNAMICBASE /NXCOMPAT /IMPLIB:"C:\Users\Student\Desktop\Krause\Final Project\ASCII_Project\Debug\ASCII_Project.lib" /MACHINE:X86 Debug\ASCII_Project.exe.embed.manifest.res
         Debug\AbstractPoint.obj
         Debug\GPoint.obj
         Debug\main.obj
         Debug\MultiPoint.obj
         Debug\Renderer.obj
       Manifest:
         C:\Program Files (x86)\Microsoft SDKs\Windows\v7.0A\bin\mt.exe /nologo /verbose /out:"Debug\ASCII_Project.exe.embed.manifest" /manifest Debug\ASCII_Project.exe.intermediate.manifest
         All outputs are up-to-date.
       LinkEmbedManifest:
         All outputs are up-to-date.
         ASCII_Project.vcxproj -> C:\Users\Student\Desktop\Krause\Final Project\ASCII_Project\Debug\ASCII_Project.exe
       FinalizeBuildStatus:
         Deleting file "Debug\ASCII_Project.unsuccessfulbuild".
         Touching "Debug\ASCII_Project.lastbuildstate".
     1>Done Building Project "C:\Users\Student\Desktop\Krause\Final Project\ASCII_Project\ASCII_Project\ASCII_Project.vcxproj" (build target(s)).

Build succeeded.

Time Elapsed 00:00:00.75
