C:\USERS\STUDENT\DESKTOP\KRAUSE\FINAL PROJECT\ASCII_PROJECT\ASCII_PROJECT\DEBUG\ABSTRACTPOINT.OBJ
C:\Users\Student\Desktop\Krause\Final Project\ASCII_Project\ASCII_Project\Debug\ASCII_Project.exe.embed.manifest
C:\USERS\STUDENT\DESKTOP\KRAUSE\FINAL PROJECT\ASCII_PROJECT\ASCII_PROJECT\DEBUG\ASCII_PROJECT.EXE.EMBED.MANIFEST.RES
C:\Users\Student\Desktop\Krause\Final Project\ASCII_Project\ASCII_Project\Debug\ASCII_Project.exe.intermediate.manifest
C:\Users\Student\Desktop\Krause\Final Project\ASCII_Project\ASCII_Project\Debug\ASCII_Project.write.1.tlog
C:\Users\Student\Desktop\Krause\Final Project\ASCII_Project\ASCII_Project\Debug\ASCII_Project_manifest.rc
C:\Users\Student\Desktop\Krause\Final Project\ASCII_Project\ASCII_Project\Debug\cl.command.1.tlog
C:\Users\Student\Desktop\Krause\Final Project\ASCII_Project\ASCII_Project\Debug\CL.read.1.tlog
C:\Users\Student\Desktop\Krause\Final Project\ASCII_Project\ASCII_Project\Debug\CL.write.1.tlog
C:\USERS\STUDENT\DESKTOP\KRAUSE\FINAL PROJECT\ASCII_PROJECT\ASCII_PROJECT\DEBUG\GPOINT.OBJ
C:\Users\Student\Desktop\Krause\Final Project\ASCII_Project\ASCII_Project\Debug\link.command.1.tlog
C:\Users\Student\Desktop\Krause\Final Project\ASCII_Project\ASCII_Project\Debug\link.read.1.tlog
C:\Users\Student\Desktop\Krause\Final Project\ASCII_Project\ASCII_Project\Debug\link.write.1.tlog
C:\Users\Student\Desktop\Krause\Final Project\ASCII_Project\ASCII_Project\Debug\link-cvtres.read.1.tlog
C:\Users\Student\Desktop\Krause\Final Project\ASCII_Project\ASCII_Project\Debug\link-cvtres.write.1.tlog
C:\USERS\STUDENT\DESKTOP\KRAUSE\FINAL PROJECT\ASCII_PROJECT\ASCII_PROJECT\DEBUG\MAIN.OBJ
C:\USERS\STUDENT\DESKTOP\KRAUSE\FINAL PROJECT\ASCII_PROJECT\ASCII_PROJECT\DEBUG\MULTIPOINT.OBJ
C:\Users\Student\Desktop\Krause\Final Project\ASCII_Project\ASCII_Project\Debug\rc.command.1.tlog
C:\Users\Student\Desktop\Krause\Final Project\ASCII_Project\ASCII_Project\Debug\rc.read.1.tlog
C:\Users\Student\Desktop\Krause\Final Project\ASCII_Project\ASCII_Project\Debug\rc.write.1.tlog
C:\USERS\STUDENT\DESKTOP\KRAUSE\FINAL PROJECT\ASCII_PROJECT\ASCII_PROJECT\DEBUG\RENDERER.OBJ
C:\Users\Student\Desktop\Krause\Final Project\ASCII_Project\ASCII_Project\Debug\vc100.idb
C:\USERS\STUDENT\DESKTOP\KRAUSE\FINAL PROJECT\ASCII_PROJECT\ASCII_PROJECT\DEBUG\VC100.PDB
C:\Users\Student\Desktop\Krause\Final Project\ASCII_Project\Debug\ASCII_Project.pdb
